<?xml version="1.0" encoding="UTF-8"?>
<!-- Generated by org.testng.reporters.JUnitReportReporter -->
<testsuite hostname="PL-IN-PF4F99BY" failures="0" tests="14" name="Client_Project.InvalidTest" time="23.773" errors="1" timestamp="2024-08-27T16:47:52 IST" skipped="10">
  <testcase classname="Client_Project.InvalidTest" name="LoginPage" time="3.812"/>
  <testcase classname="Client_Project.InvalidTest" name="LeadPageAccess" time="1.960"/>
  <testcase classname="Client_Project.InvalidTest" name="LeadFillDetails" time="2.707"/>
  <testcase classname="Client_Project.InvalidTest" name="ConvertToApplication" time="15.293">
    <error message="Expected condition failed: waiting for visibility of element located by By.xpath: (//button[@class = &#039;slds-button slds-button_neutral slds-button_middle&#039;])[1] (tried for 10 second(s) with 500 milliseconds interval)
Build info: version: &#039;4.14.1&#039;, revision: &#039;03f8ede370&#039;
System info: os.name: &#039;Windows 10&#039;, os.arch: &#039;amd64&#039;, os.version: &#039;10.0&#039;, java.version: &#039;17.0.7&#039;
Driver info: org.openqa.selenium.chrome.ChromeDriver
Capabilities {acceptInsecureCerts: false, browserName: chrome, browserVersion: 128.0.6613.85, chrome: {chromedriverVersion: 128.0.6613.84 (606aa55c7d68..., userDataDir: C:\Users\pmeher\AppData\Loc...}, fedcm:accounts: true, goog:chromeOptions: {debuggerAddress: localhost:56324}, networkConnectionEnabled: false, pageLoadStrategy: normal, platformName: windows, proxy: Proxy(), se:cdp: ws://localhost:56324/devtoo..., se:cdpVersion: 128.0.6613.85, setWindowRect: true, strictFileInteractability: false, timeouts: {implicit: 0, pageLoad: 300000, script: 30000}, unhandledPromptBehavior: dismiss and notify, webauthn:extension:credBlob: true, webauthn:extension:largeBlob: true, webauthn:extension:minPinLength: true, webauthn:extension:prf: true, webauthn:virtualAuthenticators: true}
Session ID: 13d3dbc51482165def8290ebb338acac" type="org.openqa.selenium.TimeoutException">
      <![CDATA[org.openqa.selenium.TimeoutException: Expected condition failed: waiting for visibility of element located by By.xpath: (//button[@class = 'slds-button slds-button_neutral slds-button_middle'])[1] (tried for 10 second(s) with 500 milliseconds interval)
Build info: version: '4.14.1', revision: '03f8ede370'
System info: os.name: 'Windows 10', os.arch: 'amd64', os.version: '10.0', java.version: '17.0.7'
Driver info: org.openqa.selenium.chrome.ChromeDriver
Capabilities {acceptInsecureCerts: false, browserName: chrome, browserVersion: 128.0.6613.85, chrome: {chromedriverVersion: 128.0.6613.84 (606aa55c7d68..., userDataDir: C:\Users\pmeher\AppData\Loc...}, fedcm:accounts: true, goog:chromeOptions: {debuggerAddress: localhost:56324}, networkConnectionEnabled: false, pageLoadStrategy: normal, platformName: windows, proxy: Proxy(), se:cdp: ws://localhost:56324/devtoo..., se:cdpVersion: 128.0.6613.85, setWindowRect: true, strictFileInteractability: false, timeouts: {implicit: 0, pageLoad: 300000, script: 30000}, unhandledPromptBehavior: dismiss and notify, webauthn:extension:credBlob: true, webauthn:extension:largeBlob: true, webauthn:extension:minPinLength: true, webauthn:extension:prf: true, webauthn:virtualAuthenticators: true}
Session ID: 13d3dbc51482165def8290ebb338acac
at org.openqa.selenium.support.ui.WebDriverWait.timeoutException(WebDriverWait.java:84)
at org.openqa.selenium.support.ui.FluentWait.until(FluentWait.java:230)
at PageObjects.DropDown.waitForElementToAppear(DropDown.java:57)
at PageObjects.LeadActions.ConvApp(LeadActions.java:46)
at Client_Project.InvalidTest.ConvertToApplication(InvalidTest.java:64)
at java.base/jdk.internal.reflect.NativeMethodAccessorImpl.invoke0(Native Method)
at java.base/jdk.internal.reflect.NativeMethodAccessorImpl.invoke(NativeMethodAccessorImpl.java:77)
at java.base/jdk.internal.reflect.DelegatingMethodAccessorImpl.invoke(DelegatingMethodAccessorImpl.java:43)
at java.base/java.lang.reflect.Method.invoke(Method.java:568)
at org.testng.internal.invokers.MethodInvocationHelper.invokeMethod(MethodInvocationHelper.java:139)
at org.testng.internal.invokers.TestInvoker.invokeMethod(TestInvoker.java:664)
at org.testng.internal.invokers.TestInvoker.invokeTestMethod(TestInvoker.java:227)
at org.testng.internal.invokers.MethodRunner.runInSequence(MethodRunner.java:50)
at org.testng.internal.invokers.TestInvoker$MethodInvocationAgent.invoke(TestInvoker.java:957)
at org.testng.internal.invokers.TestInvoker.invokeTestMethods(TestInvoker.java:200)
at org.testng.internal.invokers.TestMethodWorker.invokeTestMethods(TestMethodWorker.java:148)
at org.testng.internal.invokers.TestMethodWorker.run(TestMethodWorker.java:128)
at java.base/java.util.ArrayList.forEach(ArrayList.java:1511)
at org.testng.TestRunner.privateRun(TestRunner.java:848)
at org.testng.TestRunner.run(TestRunner.java:621)
at org.testng.SuiteRunner.runTest(SuiteRunner.java:443)
at org.testng.SuiteRunner.runSequentially(SuiteRunner.java:437)
at org.testng.SuiteRunner.privateRun(SuiteRunner.java:397)
at org.testng.SuiteRunner.run(SuiteRunner.java:336)
at org.testng.SuiteRunnerWorker.runSuite(SuiteRunnerWorker.java:52)
at org.testng.SuiteRunnerWorker.run(SuiteRunnerWorker.java:95)
at org.testng.TestNG.runSuitesSequentially(TestNG.java:1280)
at org.testng.TestNG.runSuitesLocally(TestNG.java:1200)
at org.testng.TestNG.runSuites(TestNG.java:1114)
at org.testng.TestNG.run(TestNG.java:1082)
at org.testng.remote.AbstractRemoteTestNG.run(AbstractRemoteTestNG.java:115)
at org.testng.remote.RemoteTestNG.initAndRun(RemoteTestNG.java:251)
at org.testng.remote.RemoteTestNG.main(RemoteTestNG.java:77)
]]>
    </error>
  </testcase> <!-- ConvertToApplication -->
  <testcase classname="Client_Project.InvalidTest" name="CreateApp1" time="0.001">
    <skipped/>
  </testcase> <!-- CreateApp1 -->
  <testcase classname="Client_Project.InvalidTest" name="CreateApp2" time="0.000">
    <skipped/>
  </testcase> <!-- CreateApp2 -->
  <testcase classname="Client_Project.InvalidTest" name="CreateApp3" time="0.000">
    <skipped/>
  </testcase> <!-- CreateApp3 -->
  <testcase classname="Client_Project.InvalidTest" name="CreateApp4" time="0.000">
    <skipped/>
  </testcase> <!-- CreateApp4 -->
  <testcase classname="Client_Project.InvalidTest" name="ParmanentAdd" time="0.000">
    <skipped/>
  </testcase> <!-- ParmanentAdd -->
  <testcase classname="Client_Project.InvalidTest" name="SocioEconomicDetails" time="0.000">
    <skipped/>
  </testcase> <!-- SocioEconomicDetails -->
  <testcase classname="Client_Project.InvalidTest" name="AssetDetails" time="0.000">
    <skipped/>
  </testcase> <!-- AssetDetails -->
  <testcase classname="Client_Project.InvalidTest" name="Flowpage" time="0.000">
    <skipped/>
  </testcase> <!-- Flowpage -->
  <testcase classname="Client_Project.InvalidTest" name="LoanEligibility" time="0.000">
    <skipped/>
  </testcase> <!-- LoanEligibility -->
  <testcase classname="Client_Project.InvalidTest" name="BankVerification" time="0.000">
    <skipped/>
  </testcase> <!-- BankVerification -->
</testsuite> <!-- Client_Project.InvalidTest -->
